2023-02-18 19:17:25,306 - mmdet - INFO - Environment info:
------------------------------------------------------------
sys.platform: linux
Python: 3.8.16 (default, Jan 17 2023, 23:13:24) [GCC 11.2.0]
CUDA available: False
GCC: gcc (Ubuntu 11.2.0-7ubuntu2) 11.2.0
PyTorch: 1.13.1
PyTorch compiling details: PyTorch built with:
  - GCC 9.3
  - C++ Version: 201402
  - Intel(R) oneAPI Math Kernel Library Version 2021.4-Product Build 20210904 for Intel(R) 64 architecture applications
  - Intel(R) MKL-DNN v2.6.0 (Git Hash 52b5f107dd9cf10910aaa19cb47f3abf9b349815)
  - OpenMP 201511 (a.k.a. OpenMP 4.5)
  - LAPACK is enabled (usually provided by MKL)
  - NNPACK is enabled
  - CPU capability usage: AVX2
  - Build settings: BLAS_INFO=mkl, BUILD_TYPE=Release, CXX_COMPILER=/opt/rh/devtoolset-9/root/usr/bin/c++, CXX_FLAGS= -fabi-version=11 -Wno-deprecated -fvisibility-inlines-hidden -DUSE_PTHREADPOOL -fopenmp -DNDEBUG -DUSE_KINETO -DLIBKINETO_NOCUPTI -DUSE_FBGEMM -DUSE_QNNPACK -DUSE_PYTORCH_QNNPACK -DUSE_XNNPACK -DSYMBOLICATE_MOBILE_DEBUG_HANDLE -DEDGE_PROFILER_USE_KINETO -O2 -fPIC -Wno-narrowing -Wall -Wextra -Werror=return-type -Werror=non-virtual-dtor -Wno-missing-field-initializers -Wno-type-limits -Wno-array-bounds -Wno-unknown-pragmas -Wunused-local-typedefs -Wno-unused-parameter -Wno-unused-function -Wno-unused-result -Wno-strict-overflow -Wno-strict-aliasing -Wno-error=deprecated-declarations -Wno-stringop-overflow -Wno-psabi -Wno-error=pedantic -Wno-error=redundant-decls -Wno-error=old-style-cast -fdiagnostics-color=always -faligned-new -Wno-unused-but-set-variable -Wno-maybe-uninitialized -fno-math-errno -fno-trapping-math -Werror=format -Werror=cast-function-type -Wno-stringop-overflow, LAPACK_INFO=mkl, PERF_WITH_AVX=1, PERF_WITH_AVX2=1, PERF_WITH_AVX512=1, TORCH_VERSION=1.13.1, USE_CUDA=0, USE_CUDNN=OFF, USE_EXCEPTION_PTR=1, USE_GFLAGS=OFF, USE_GLOG=OFF, USE_MKL=ON, USE_MKLDNN=ON, USE_MPI=OFF, USE_NCCL=OFF, USE_NNPACK=ON, USE_OPENMP=ON, USE_ROCM=OFF, 

TorchVision: 0.14.1
OpenCV: 4.7.0
MMCV: 1.7.1
MMCV Compiler: GCC 7.3
MMCV CUDA Compiler: not available
MMDetection: 2.28.1+6f9b311
------------------------------------------------------------

2023-02-18 19:17:25,417 - mmdet - INFO - Distributed training: False
2023-02-18 19:17:25,595 - mmdet - INFO - Config:
optimizer = dict(
    type='SGD',
    lr=0.01,
    momentum=0.9,
    weight_decay=0.0005,
    nesterov=True,
    paramwise_cfg=dict(norm_decay_mult=0.0, bias_decay_mult=0.0))
optimizer_config = dict(grad_clip=None)
lr_config = dict(
    policy='YOLOX',
    warmup='exp',
    by_epoch=False,
    warmup_by_epoch=True,
    warmup_ratio=1,
    warmup_iters=5,
    num_last_epochs=15,
    min_lr_ratio=0.05)
runner = dict(type='EpochBasedRunner', max_epochs=300)
checkpoint_config = dict(interval=10)
log_config = dict(interval=50, hooks=[dict(type='TextLoggerHook')])
custom_hooks = [
    dict(type='YOLOXModeSwitchHook', num_last_epochs=15, priority=48),
    dict(type='SyncNormHook', num_last_epochs=15, interval=10, priority=48),
    dict(
        type='ExpMomentumEMAHook',
        resume_from=None,
        momentum=0.0001,
        priority=49)
]
dist_params = dict(backend='nccl')
log_level = 'INFO'
load_from = '/home/zach/Desktop/capstone/ISAC/deep-learning-training/checkpoints/yolox_tiny_8x8_300e_coco_20211124_171234-b4047906.pth'
resume_from = None
workflow = [('train', 1)]
opencv_num_threads = 0
mp_start_method = 'fork'
auto_scale_lr = dict(enable=False, base_batch_size=64)
img_scale = (640, 640)
model = dict(
    type='YOLOX',
    input_size=(640, 640),
    random_size_range=(10, 20),
    random_size_interval=10,
    backbone=dict(type='CSPDarknet', deepen_factor=0.33, widen_factor=0.375),
    neck=dict(
        type='YOLOXPAFPN',
        in_channels=[96, 192, 384],
        out_channels=96,
        num_csp_blocks=1),
    bbox_head=dict(
        type='YOLOXHead', num_classes=1, in_channels=96, feat_channels=96),
    train_cfg=dict(assigner=dict(type='SimOTAAssigner', center_radius=2.5)),
    test_cfg=dict(score_thr=0.01, nms=dict(type='nms', iou_threshold=0.65)))
data_root = 'data/coco/'
dataset_type = 'COCODataset'
train_pipeline = [
    dict(type='Mosaic', img_scale=(640, 640), pad_val=114.0),
    dict(
        type='RandomAffine',
        scaling_ratio_range=(0.5, 1.5),
        border=(-320, -320)),
    dict(type='YOLOXHSVRandomAug'),
    dict(type='RandomFlip', flip_ratio=0.5),
    dict(type='Resize', img_scale=(640, 640), keep_ratio=True),
    dict(
        type='Pad',
        pad_to_square=True,
        pad_val=dict(img=(114.0, 114.0, 114.0))),
    dict(type='FilterAnnotations', min_gt_bbox_wh=(1, 1), keep_empty=False),
    dict(type='DefaultFormatBundle'),
    dict(type='Collect', keys=['img', 'gt_bboxes', 'gt_labels'])
]
train_dataset = dict(
    type='MultiImageMixDataset',
    dataset=dict(
        type='CocoDataset',
        ann_file='data/coco/annotations/instances_train2017.json',
        img_prefix='data/coco/train2017/',
        pipeline=[
            dict(type='LoadImageFromFile'),
            dict(type='LoadAnnotations', with_bbox=True)
        ],
        filter_empty_gt=False),
    pipeline=[
        dict(type='Mosaic', img_scale=(640, 640), pad_val=114.0),
        dict(
            type='RandomAffine',
            scaling_ratio_range=(0.5, 1.5),
            border=(-320, -320)),
        dict(type='YOLOXHSVRandomAug'),
        dict(type='RandomFlip', flip_ratio=0.5),
        dict(type='Resize', img_scale=(640, 640), keep_ratio=True),
        dict(
            type='Pad',
            pad_to_square=True,
            pad_val=dict(img=(114.0, 114.0, 114.0))),
        dict(
            type='FilterAnnotations', min_gt_bbox_wh=(1, 1), keep_empty=False),
        dict(type='DefaultFormatBundle'),
        dict(type='Collect', keys=['img', 'gt_bboxes', 'gt_labels'])
    ])
test_pipeline = [
    dict(type='LoadImageFromFile'),
    dict(
        type='MultiScaleFlipAug',
        img_scale=(416, 416),
        flip=False,
        transforms=[
            dict(type='Resize', keep_ratio=True),
            dict(type='RandomFlip'),
            dict(
                type='Pad',
                pad_to_square=True,
                pad_val=dict(img=(114.0, 114.0, 114.0))),
            dict(type='DefaultFormatBundle'),
            dict(type='Collect', keys=['img'])
        ])
]
data = dict(
    samples_per_gpu=8,
    workers_per_gpu=4,
    persistent_workers=True,
    train=dict(
        type='MultiImageMixDataset',
        dataset=dict(
            type='CocoDataset',
            ann_file='/home/zach/fiftyone/coco-2017/train/labels.json',
            img_prefix='/home/zach/fiftyone/coco-2017/train/data',
            pipeline=[
                dict(type='LoadImageFromFile'),
                dict(type='LoadAnnotations', with_bbox=True)
            ],
            filter_empty_gt=False,
            classes=('person', )),
        pipeline=[
            dict(type='Mosaic', img_scale=(640, 640), pad_val=114.0),
            dict(
                type='RandomAffine',
                scaling_ratio_range=(0.5, 1.5),
                border=(-320, -320)),
            dict(type='YOLOXHSVRandomAug'),
            dict(type='RandomFlip', flip_ratio=0.5),
            dict(type='Resize', img_scale=(640, 640), keep_ratio=True),
            dict(
                type='Pad',
                pad_to_square=True,
                pad_val=dict(img=(114.0, 114.0, 114.0))),
            dict(
                type='FilterAnnotations',
                min_gt_bbox_wh=(1, 1),
                keep_empty=False),
            dict(type='DefaultFormatBundle'),
            dict(type='Collect', keys=['img', 'gt_bboxes', 'gt_labels'])
        ]),
    val=dict(
        type='CocoDataset',
        ann_file='/home/zach/fiftyone/coco-2017/validation/labels.json',
        img_prefix='/home/zach/fiftyone/coco-2017/validation/data',
        pipeline=[
            dict(type='LoadImageFromFile'),
            dict(
                type='MultiScaleFlipAug',
                img_scale=(416, 416),
                flip=False,
                transforms=[
                    dict(type='Resize', keep_ratio=True),
                    dict(type='RandomFlip'),
                    dict(
                        type='Pad',
                        pad_to_square=True,
                        pad_val=dict(img=(114.0, 114.0, 114.0))),
                    dict(type='DefaultFormatBundle'),
                    dict(type='Collect', keys=['img'])
                ])
        ],
        classes=('person', )),
    test=dict(
        type='CocoDataset',
        ann_file='/home/zach/fiftyone/coco-2017/validation/labels.json',
        img_prefix='/home/zach/fiftyone/coco-2017/validation/data',
        pipeline=[
            dict(type='LoadImageFromFile'),
            dict(
                type='MultiScaleFlipAug',
                img_scale=(416, 416),
                flip=False,
                transforms=[
                    dict(type='Resize', keep_ratio=True),
                    dict(type='RandomFlip'),
                    dict(
                        type='Pad',
                        pad_to_square=True,
                        pad_val=dict(img=(114.0, 114.0, 114.0))),
                    dict(type='DefaultFormatBundle'),
                    dict(type='Collect', keys=['img'])
                ])
        ],
        classes=('person', )))
max_epochs = 300
num_last_epochs = 15
interval = 10
evaluation = dict(
    save_best='auto', interval=10, dynamic_intervals=[(285, 1)], metric='bbox')
classes = ('person', )
BASE_PATH = '/home/zach/fiftyone/coco-2017/'
work_dir = './work_dirs/yolox_tiny_person'
auto_resume = False
gpu_ids = [0]

2023-02-18 19:17:25,595 - mmdet - INFO - Set random seed to 140650219, deterministic: False
2023-02-18 19:17:33,399 - mmdet - INFO - Automatic scaling of learning rate (LR) has been disabled.
2023-02-18 19:17:33,611 - mmdet - INFO - load checkpoint from local path: /home/zach/Desktop/capstone/ISAC/deep-learning-training/checkpoints/yolox_tiny_8x8_300e_coco_20211124_171234-b4047906.pth
2023-02-18 19:17:33,639 - mmdet - WARNING - The model and loaded state dict do not match exactly

size mismatch for bbox_head.multi_level_conv_cls.0.weight: copying a param with shape torch.Size([80, 96, 1, 1]) from checkpoint, the shape in current model is torch.Size([1, 96, 1, 1]).
size mismatch for bbox_head.multi_level_conv_cls.0.bias: copying a param with shape torch.Size([80]) from checkpoint, the shape in current model is torch.Size([1]).
size mismatch for bbox_head.multi_level_conv_cls.1.weight: copying a param with shape torch.Size([80, 96, 1, 1]) from checkpoint, the shape in current model is torch.Size([1, 96, 1, 1]).
size mismatch for bbox_head.multi_level_conv_cls.1.bias: copying a param with shape torch.Size([80]) from checkpoint, the shape in current model is torch.Size([1]).
size mismatch for bbox_head.multi_level_conv_cls.2.weight: copying a param with shape torch.Size([80, 96, 1, 1]) from checkpoint, the shape in current model is torch.Size([1, 96, 1, 1]).
size mismatch for bbox_head.multi_level_conv_cls.2.bias: copying a param with shape torch.Size([80]) from checkpoint, the shape in current model is torch.Size([1]).
2023-02-18 19:17:33,639 - mmdet - INFO - Start running, host: zach@zach-X570-I-AORUS-PRO-WIFI, work_dir: /home/zach/Desktop/capstone/ISAC/deep-learning-training/work_dirs/yolox_tiny_person
2023-02-18 19:17:33,639 - mmdet - INFO - Hooks will be executed in the following order:
before_run:
(VERY_HIGH   ) YOLOXLrUpdaterHook                 
(49          ) ExpMomentumEMAHook                 
(NORMAL      ) CheckpointHook                     
(LOW         ) EvalHook                           
(VERY_LOW    ) TextLoggerHook                     
 -------------------- 
before_train_epoch:
(VERY_HIGH   ) YOLOXLrUpdaterHook                 
(48          ) YOLOXModeSwitchHook                
(48          ) SyncNormHook                       
(49          ) ExpMomentumEMAHook                 
(LOW         ) IterTimerHook                      
(LOW         ) EvalHook                           
(VERY_LOW    ) TextLoggerHook                     
 -------------------- 
before_train_iter:
(VERY_HIGH   ) YOLOXLrUpdaterHook                 
(LOW         ) IterTimerHook                      
(LOW         ) EvalHook                           
 -------------------- 
after_train_iter:
(ABOVE_NORMAL) OptimizerHook                      
(49          ) ExpMomentumEMAHook                 
(NORMAL      ) CheckpointHook                     
(LOW         ) IterTimerHook                      
(LOW         ) EvalHook                           
(VERY_LOW    ) TextLoggerHook                     
 -------------------- 
after_train_epoch:
(48          ) SyncNormHook                       
(49          ) ExpMomentumEMAHook                 
(NORMAL      ) CheckpointHook                     
(LOW         ) EvalHook                           
(VERY_LOW    ) TextLoggerHook                     
 -------------------- 
before_val_epoch:
(LOW         ) IterTimerHook                      
(VERY_LOW    ) TextLoggerHook                     
 -------------------- 
before_val_iter:
(LOW         ) IterTimerHook                      
 -------------------- 
after_val_iter:
(LOW         ) IterTimerHook                      
 -------------------- 
after_val_epoch:
(VERY_LOW    ) TextLoggerHook                     
 -------------------- 
after_run:
(VERY_LOW    ) TextLoggerHook                     
 -------------------- 
2023-02-18 19:17:33,640 - mmdet - INFO - workflow: [('train', 1)], max: 300 epochs
2023-02-18 19:17:33,645 - mmdet - INFO - Checkpoints will be saved to /home/zach/Desktop/capstone/ISAC/deep-learning-training/work_dirs/yolox_tiny_person by HardDiskBackend.
2023-02-18 19:18:43,187 - mmdet - INFO - Epoch [1][50/8015]	lr: 1.557e-08, eta: 38 days, 16:53:24, time: 1.391, data_time: 0.067, loss_cls: 4.1114, loss_bbox: 2.2471, loss_obj: 3.7163, loss: 10.0747
2023-02-18 19:19:24,610 - mmdet - INFO - Epoch [1][100/8015]	lr: 6.227e-08, eta: 30 days, 21:05:42, time: 0.828, data_time: 0.006, loss_cls: 4.0433, loss_bbox: 2.2494, loss_obj: 3.4906, loss: 9.7833
2023-02-18 19:19:52,126 - mmdet - INFO - Epoch [1][150/8015]	lr: 1.401e-07, eta: 25 days, 16:33:46, time: 0.550, data_time: 0.006, loss_cls: 3.7578, loss_bbox: 2.3313, loss_obj: 3.2404, loss: 9.3295
2023-02-18 19:20:45,077 - mmdet - INFO - Epoch [1][200/8015]	lr: 2.491e-07, eta: 26 days, 15:14:01, time: 1.059, data_time: 0.006, loss_cls: 3.7823, loss_bbox: 2.2458, loss_obj: 3.4676, loss: 9.4957
2023-02-18 19:21:30,620 - mmdet - INFO - Epoch [1][250/8015]	lr: 3.892e-07, eta: 26 days, 9:02:19, time: 0.911, data_time: 0.006, loss_cls: 3.3670, loss_bbox: 2.2271, loss_obj: 3.2456, loss: 8.8397
2023-02-18 19:22:06,498 - mmdet - INFO - Epoch [1][300/8015]	lr: 5.604e-07, eta: 25 days, 7:23:11, time: 0.718, data_time: 0.006, loss_cls: 2.6396, loss_bbox: 2.3406, loss_obj: 3.2476, loss: 8.2278
2023-02-18 19:22:52,565 - mmdet - INFO - Epoch [1][350/8015]	lr: 7.628e-07, eta: 25 days, 8:30:20, time: 0.921, data_time: 0.006, loss_cls: 1.9285, loss_bbox: 2.2274, loss_obj: 2.9075, loss: 7.0634
2023-02-18 19:23:35,492 - mmdet - INFO - Epoch [1][400/8015]	lr: 9.963e-07, eta: 25 days, 4:05:49, time: 0.859, data_time: 0.006, loss_cls: 1.4525, loss_bbox: 2.2011, loss_obj: 2.8376, loss: 6.4912
2023-02-18 19:24:15,216 - mmdet - INFO - Epoch [1][450/8015]	lr: 1.261e-06, eta: 24 days, 19:54:47, time: 0.794, data_time: 0.006, loss_cls: 1.2067, loss_bbox: 2.1802, loss_obj: 2.7531, loss: 6.1401
2023-02-18 19:25:17,543 - mmdet - INFO - Epoch [1][500/8015]	lr: 1.557e-06, eta: 25 days, 19:33:05, time: 1.247, data_time: 0.006, loss_cls: 1.0277, loss_bbox: 2.1253, loss_obj: 2.6865, loss: 5.8395
2023-02-18 19:26:08,515 - mmdet - INFO - Epoch [1][550/8015]	lr: 1.884e-06, eta: 26 days, 1:06:09, time: 1.019, data_time: 0.006, loss_cls: 0.9382, loss_bbox: 2.1077, loss_obj: 2.3830, loss: 5.4289
2023-02-18 19:26:50,716 - mmdet - INFO - Epoch [1][600/8015]	lr: 2.242e-06, eta: 25 days, 19:57:53, time: 0.844, data_time: 0.006, loss_cls: 0.9011, loss_bbox: 2.1834, loss_obj: 2.3508, loss: 5.4352
2023-02-18 19:27:41,259 - mmdet - INFO - Epoch [1][650/8015]	lr: 2.631e-06, eta: 26 days, 0:11:06, time: 1.011, data_time: 0.006, loss_cls: 0.8285, loss_bbox: 2.1130, loss_obj: 2.2158, loss: 5.1573
2023-02-18 19:28:41,839 - mmdet - INFO - Epoch [1][700/8015]	lr: 3.051e-06, eta: 26 days, 13:22:30, time: 1.212, data_time: 0.006, loss_cls: 0.7923, loss_bbox: 2.0746, loss_obj: 2.2266, loss: 5.0935
2023-02-18 19:29:27,981 - mmdet - INFO - Epoch [1][750/8015]	lr: 3.502e-06, eta: 26 days, 11:57:00, time: 0.923, data_time: 0.006, loss_cls: 0.7558, loss_bbox: 2.1110, loss_obj: 2.0346, loss: 4.9014
2023-02-18 19:30:28,598 - mmdet - INFO - Epoch [1][800/8015]	lr: 3.985e-06, eta: 26 days, 22:46:57, time: 1.212, data_time: 0.006, loss_cls: 0.7426, loss_bbox: 2.0820, loss_obj: 2.1451, loss: 4.9697
2023-02-18 19:31:23,574 - mmdet - INFO - Epoch [1][850/8015]	lr: 4.499e-06, eta: 27 days, 3:54:27, time: 1.100, data_time: 0.006, loss_cls: 0.7165, loss_bbox: 2.0778, loss_obj: 1.8965, loss: 4.6908
2023-02-18 19:32:15,280 - mmdet - INFO - Epoch [1][900/8015]	lr: 5.044e-06, eta: 27 days, 6:02:08, time: 1.034, data_time: 0.006, loss_cls: 0.7199, loss_bbox: 2.0950, loss_obj: 1.9095, loss: 4.7244
2023-02-18 19:32:59,682 - mmdet - INFO - Epoch [1][950/8015]	lr: 5.620e-06, eta: 27 days, 2:48:17, time: 0.888, data_time: 0.006, loss_cls: 0.7012, loss_bbox: 2.1126, loss_obj: 1.8431, loss: 4.6568
2023-02-18 19:33:55,927 - mmdet - INFO - Exp name: yolox_tiny_person.py
2023-02-18 19:33:55,927 - mmdet - INFO - Epoch [1][1000/8015]	lr: 6.227e-06, eta: 27 days, 7:48:10, time: 1.125, data_time: 0.006, loss_cls: 0.6627, loss_bbox: 2.0612, loss_obj: 1.7691, loss: 4.4930
2023-02-18 19:34:53,505 - mmdet - INFO - Epoch [1][1050/8015]	lr: 6.865e-06, eta: 27 days, 13:10:15, time: 1.152, data_time: 0.007, loss_cls: 0.6743, loss_bbox: 2.0711, loss_obj: 1.8321, loss: 4.5775
2023-02-18 19:35:33,201 - mmdet - INFO - Epoch [1][1100/8015]	lr: 7.534e-06, eta: 27 days, 7:11:49, time: 0.794, data_time: 0.006, loss_cls: 0.6550, loss_bbox: 2.0805, loss_obj: 1.6696, loss: 4.4051
2023-02-18 19:36:23,081 - mmdet - INFO - Epoch [1][1150/8015]	lr: 8.235e-06, eta: 27 days, 7:39:12, time: 0.998, data_time: 0.007, loss_cls: 0.6405, loss_bbox: 2.0720, loss_obj: 1.7082, loss: 4.4207
2023-02-18 19:37:03,009 - mmdet - INFO - Epoch [1][1200/8015]	lr: 8.966e-06, eta: 27 days, 2:32:01, time: 0.799, data_time: 0.007, loss_cls: 0.6371, loss_bbox: 2.0945, loss_obj: 1.6182, loss: 4.3498
2023-02-18 19:37:36,008 - mmdet - INFO - Epoch [1][1250/8015]	lr: 9.729e-06, eta: 26 days, 18:07:21, time: 0.660, data_time: 0.006, loss_cls: 0.6257, loss_bbox: 2.1439, loss_obj: 1.6146, loss: 4.3843
2023-02-18 19:38:11,375 - mmdet - INFO - Epoch [1][1300/8015]	lr: 1.052e-05, eta: 26 days, 11:34:24, time: 0.707, data_time: 0.007, loss_cls: 0.6131, loss_bbox: 2.0826, loss_obj: 1.5862, loss: 4.2819
2023-02-18 19:39:05,143 - mmdet - INFO - Epoch [1][1350/8015]	lr: 1.135e-05, eta: 26 days, 14:36:28, time: 1.075, data_time: 0.007, loss_cls: 0.6173, loss_bbox: 2.0931, loss_obj: 1.7198, loss: 4.4302
