2023-02-18 19:41:46,088 - mmdet - INFO - Environment info:
------------------------------------------------------------
sys.platform: linux
Python: 3.8.16 (default, Jan 17 2023, 23:13:24) [GCC 11.2.0]
CUDA available: False
GCC: gcc (Ubuntu 11.2.0-7ubuntu2) 11.2.0
PyTorch: 1.13.1
PyTorch compiling details: PyTorch built with:
  - GCC 9.3
  - C++ Version: 201402
  - Intel(R) oneAPI Math Kernel Library Version 2021.4-Product Build 20210904 for Intel(R) 64 architecture applications
  - Intel(R) MKL-DNN v2.6.0 (Git Hash 52b5f107dd9cf10910aaa19cb47f3abf9b349815)
  - OpenMP 201511 (a.k.a. OpenMP 4.5)
  - LAPACK is enabled (usually provided by MKL)
  - NNPACK is enabled
  - CPU capability usage: AVX2
  - Build settings: BLAS_INFO=mkl, BUILD_TYPE=Release, CXX_COMPILER=/opt/rh/devtoolset-9/root/usr/bin/c++, CXX_FLAGS= -fabi-version=11 -Wno-deprecated -fvisibility-inlines-hidden -DUSE_PTHREADPOOL -fopenmp -DNDEBUG -DUSE_KINETO -DLIBKINETO_NOCUPTI -DUSE_FBGEMM -DUSE_QNNPACK -DUSE_PYTORCH_QNNPACK -DUSE_XNNPACK -DSYMBOLICATE_MOBILE_DEBUG_HANDLE -DEDGE_PROFILER_USE_KINETO -O2 -fPIC -Wno-narrowing -Wall -Wextra -Werror=return-type -Werror=non-virtual-dtor -Wno-missing-field-initializers -Wno-type-limits -Wno-array-bounds -Wno-unknown-pragmas -Wunused-local-typedefs -Wno-unused-parameter -Wno-unused-function -Wno-unused-result -Wno-strict-overflow -Wno-strict-aliasing -Wno-error=deprecated-declarations -Wno-stringop-overflow -Wno-psabi -Wno-error=pedantic -Wno-error=redundant-decls -Wno-error=old-style-cast -fdiagnostics-color=always -faligned-new -Wno-unused-but-set-variable -Wno-maybe-uninitialized -fno-math-errno -fno-trapping-math -Werror=format -Werror=cast-function-type -Wno-stringop-overflow, LAPACK_INFO=mkl, PERF_WITH_AVX=1, PERF_WITH_AVX2=1, PERF_WITH_AVX512=1, TORCH_VERSION=1.13.1, USE_CUDA=0, USE_CUDNN=OFF, USE_EXCEPTION_PTR=1, USE_GFLAGS=OFF, USE_GLOG=OFF, USE_MKL=ON, USE_MKLDNN=ON, USE_MPI=OFF, USE_NCCL=OFF, USE_NNPACK=ON, USE_OPENMP=ON, USE_ROCM=OFF, 

TorchVision: 0.14.1
OpenCV: 4.7.0
MMCV: 1.7.1
MMCV Compiler: GCC 7.3
MMCV CUDA Compiler: not available
MMDetection: 2.28.1+6f9b311
------------------------------------------------------------

2023-02-18 19:41:46,207 - mmdet - INFO - Distributed training: False
2023-02-18 19:41:46,394 - mmdet - INFO - Config:
optimizer = dict(
    type='SGD',
    lr=0.01,
    momentum=0.9,
    weight_decay=0.0005,
    nesterov=True,
    paramwise_cfg=dict(norm_decay_mult=0.0, bias_decay_mult=0.0))
optimizer_config = dict(grad_clip=None)
lr_config = dict(
    policy='YOLOX',
    warmup='exp',
    by_epoch=False,
    warmup_by_epoch=True,
    warmup_ratio=1,
    warmup_iters=5,
    num_last_epochs=15,
    min_lr_ratio=0.05)
runner = dict(type='EpochBasedRunner', max_epochs=300)
checkpoint_config = dict(interval=10)
log_config = dict(interval=50, hooks=[dict(type='TextLoggerHook')])
custom_hooks = [
    dict(type='YOLOXModeSwitchHook', num_last_epochs=15, priority=48),
    dict(type='SyncNormHook', num_last_epochs=15, interval=10, priority=48),
    dict(
        type='ExpMomentumEMAHook',
        resume_from=None,
        momentum=0.0001,
        priority=49)
]
dist_params = dict(backend='nccl')
log_level = 'INFO'
load_from = '/home/zach/Desktop/capstone/ISAC/deep-learning-training/checkpoints/yolox_tiny_8x8_300e_coco_20211124_171234-b4047906.pth'
resume_from = None
workflow = [('train', 1)]
opencv_num_threads = 0
mp_start_method = 'fork'
auto_scale_lr = dict(enable=False, base_batch_size=64)
img_scale = (640, 640)
model = dict(
    type='YOLOX',
    input_size=(640, 640),
    random_size_range=(10, 20),
    random_size_interval=10,
    backbone=dict(type='CSPDarknet', deepen_factor=0.33, widen_factor=0.375),
    neck=dict(
        type='YOLOXPAFPN',
        in_channels=[96, 192, 384],
        out_channels=96,
        num_csp_blocks=1),
    bbox_head=dict(
        type='YOLOXHead', num_classes=1, in_channels=96, feat_channels=96),
    train_cfg=dict(assigner=dict(type='SimOTAAssigner', center_radius=2.5)),
    test_cfg=dict(score_thr=0.01, nms=dict(type='nms', iou_threshold=0.65)))
data_root = 'data/coco/'
dataset_type = 'COCODataset'
train_pipeline = [
    dict(type='Mosaic', img_scale=(640, 640), pad_val=114.0),
    dict(
        type='RandomAffine',
        scaling_ratio_range=(0.5, 1.5),
        border=(-320, -320)),
    dict(type='YOLOXHSVRandomAug'),
    dict(type='RandomFlip', flip_ratio=0.5),
    dict(type='Resize', img_scale=(640, 640), keep_ratio=True),
    dict(
        type='Pad',
        pad_to_square=True,
        pad_val=dict(img=(114.0, 114.0, 114.0))),
    dict(type='FilterAnnotations', min_gt_bbox_wh=(1, 1), keep_empty=False),
    dict(type='DefaultFormatBundle'),
    dict(type='Collect', keys=['img', 'gt_bboxes', 'gt_labels'])
]
train_dataset = dict(
    type='MultiImageMixDataset',
    dataset=dict(
        type='CocoDataset',
        ann_file='data/coco/annotations/instances_train2017.json',
        img_prefix='data/coco/train2017/',
        pipeline=[
            dict(type='LoadImageFromFile'),
            dict(type='LoadAnnotations', with_bbox=True)
        ],
        filter_empty_gt=False),
    pipeline=[
        dict(type='Mosaic', img_scale=(640, 640), pad_val=114.0),
        dict(
            type='RandomAffine',
            scaling_ratio_range=(0.5, 1.5),
            border=(-320, -320)),
        dict(type='YOLOXHSVRandomAug'),
        dict(type='RandomFlip', flip_ratio=0.5),
        dict(type='Resize', img_scale=(640, 640), keep_ratio=True),
        dict(
            type='Pad',
            pad_to_square=True,
            pad_val=dict(img=(114.0, 114.0, 114.0))),
        dict(
            type='FilterAnnotations', min_gt_bbox_wh=(1, 1), keep_empty=False),
        dict(type='DefaultFormatBundle'),
        dict(type='Collect', keys=['img', 'gt_bboxes', 'gt_labels'])
    ])
test_pipeline = [
    dict(type='LoadImageFromFile'),
    dict(
        type='MultiScaleFlipAug',
        img_scale=(416, 416),
        flip=False,
        transforms=[
            dict(type='Resize', keep_ratio=True),
            dict(type='RandomFlip'),
            dict(
                type='Pad',
                pad_to_square=True,
                pad_val=dict(img=(114.0, 114.0, 114.0))),
            dict(type='DefaultFormatBundle'),
            dict(type='Collect', keys=['img'])
        ])
]
data = dict(
    samples_per_gpu=48,
    workers_per_gpu=48,
    persistent_workers=True,
    train=dict(
        type='MultiImageMixDataset',
        dataset=dict(
            type='CocoDataset',
            ann_file='/home/zach/fiftyone/coco-2017/train/labels.json',
            img_prefix='/home/zach/fiftyone/coco-2017/train/data',
            pipeline=[
                dict(type='LoadImageFromFile'),
                dict(type='LoadAnnotations', with_bbox=True)
            ],
            filter_empty_gt=False,
            classes=('person', )),
        pipeline=[
            dict(type='Mosaic', img_scale=(640, 640), pad_val=114.0),
            dict(
                type='RandomAffine',
                scaling_ratio_range=(0.5, 1.5),
                border=(-320, -320)),
            dict(type='YOLOXHSVRandomAug'),
            dict(type='RandomFlip', flip_ratio=0.5),
            dict(type='Resize', img_scale=(640, 640), keep_ratio=True),
            dict(
                type='Pad',
                pad_to_square=True,
                pad_val=dict(img=(114.0, 114.0, 114.0))),
            dict(
                type='FilterAnnotations',
                min_gt_bbox_wh=(1, 1),
                keep_empty=False),
            dict(type='DefaultFormatBundle'),
            dict(type='Collect', keys=['img', 'gt_bboxes', 'gt_labels'])
        ]),
    val=dict(
        type='CocoDataset',
        ann_file='/home/zach/fiftyone/coco-2017/validation/labels.json',
        img_prefix='/home/zach/fiftyone/coco-2017/validation/data',
        pipeline=[
            dict(type='LoadImageFromFile'),
            dict(
                type='MultiScaleFlipAug',
                img_scale=(416, 416),
                flip=False,
                transforms=[
                    dict(type='Resize', keep_ratio=True),
                    dict(type='RandomFlip'),
                    dict(
                        type='Pad',
                        pad_to_square=True,
                        pad_val=dict(img=(114.0, 114.0, 114.0))),
                    dict(type='DefaultFormatBundle'),
                    dict(type='Collect', keys=['img'])
                ])
        ],
        classes=('person', )),
    test=dict(
        type='CocoDataset',
        ann_file='/home/zach/fiftyone/coco-2017/validation/labels.json',
        img_prefix='/home/zach/fiftyone/coco-2017/validation/data',
        pipeline=[
            dict(type='LoadImageFromFile'),
            dict(
                type='MultiScaleFlipAug',
                img_scale=(416, 416),
                flip=False,
                transforms=[
                    dict(type='Resize', keep_ratio=True),
                    dict(type='RandomFlip'),
                    dict(
                        type='Pad',
                        pad_to_square=True,
                        pad_val=dict(img=(114.0, 114.0, 114.0))),
                    dict(type='DefaultFormatBundle'),
                    dict(type='Collect', keys=['img'])
                ])
        ],
        classes=('person', )))
max_epochs = 300
num_last_epochs = 15
interval = 10
evaluation = dict(
    save_best='auto', interval=10, dynamic_intervals=[(285, 1)], metric='bbox')
classes = ('person', )
BASE_PATH = '/home/zach/fiftyone/coco-2017/'
work_dir = './work_dirs/yolox_tiny_person'
auto_resume = False
gpu_ids = [0]

2023-02-18 19:41:46,395 - mmdet - INFO - Set random seed to 1318907814, deterministic: False
2023-02-18 19:41:54,652 - mmdet - INFO - Automatic scaling of learning rate (LR) has been disabled.
2023-02-18 19:41:54,869 - mmdet - INFO - load checkpoint from local path: /home/zach/Desktop/capstone/ISAC/deep-learning-training/checkpoints/yolox_tiny_8x8_300e_coco_20211124_171234-b4047906.pth
2023-02-18 19:41:54,897 - mmdet - WARNING - The model and loaded state dict do not match exactly

size mismatch for bbox_head.multi_level_conv_cls.0.weight: copying a param with shape torch.Size([80, 96, 1, 1]) from checkpoint, the shape in current model is torch.Size([1, 96, 1, 1]).
size mismatch for bbox_head.multi_level_conv_cls.0.bias: copying a param with shape torch.Size([80]) from checkpoint, the shape in current model is torch.Size([1]).
size mismatch for bbox_head.multi_level_conv_cls.1.weight: copying a param with shape torch.Size([80, 96, 1, 1]) from checkpoint, the shape in current model is torch.Size([1, 96, 1, 1]).
size mismatch for bbox_head.multi_level_conv_cls.1.bias: copying a param with shape torch.Size([80]) from checkpoint, the shape in current model is torch.Size([1]).
size mismatch for bbox_head.multi_level_conv_cls.2.weight: copying a param with shape torch.Size([80, 96, 1, 1]) from checkpoint, the shape in current model is torch.Size([1, 96, 1, 1]).
size mismatch for bbox_head.multi_level_conv_cls.2.bias: copying a param with shape torch.Size([80]) from checkpoint, the shape in current model is torch.Size([1]).
2023-02-18 19:41:54,898 - mmdet - INFO - Start running, host: zach@zach-X570-I-AORUS-PRO-WIFI, work_dir: /home/zach/Desktop/capstone/ISAC/deep-learning-training/work_dirs/yolox_tiny_person
2023-02-18 19:41:54,898 - mmdet - INFO - Hooks will be executed in the following order:
before_run:
(VERY_HIGH   ) YOLOXLrUpdaterHook                 
(49          ) ExpMomentumEMAHook                 
(NORMAL      ) CheckpointHook                     
(LOW         ) EvalHook                           
(VERY_LOW    ) TextLoggerHook                     
 -------------------- 
before_train_epoch:
(VERY_HIGH   ) YOLOXLrUpdaterHook                 
(48          ) YOLOXModeSwitchHook                
(48          ) SyncNormHook                       
(49          ) ExpMomentumEMAHook                 
(LOW         ) IterTimerHook                      
(LOW         ) EvalHook                           
(VERY_LOW    ) TextLoggerHook                     
 -------------------- 
before_train_iter:
(VERY_HIGH   ) YOLOXLrUpdaterHook                 
(LOW         ) IterTimerHook                      
(LOW         ) EvalHook                           
 -------------------- 
after_train_iter:
(ABOVE_NORMAL) OptimizerHook                      
(49          ) ExpMomentumEMAHook                 
(NORMAL      ) CheckpointHook                     
(LOW         ) IterTimerHook                      
(LOW         ) EvalHook                           
(VERY_LOW    ) TextLoggerHook                     
 -------------------- 
after_train_epoch:
(48          ) SyncNormHook                       
(49          ) ExpMomentumEMAHook                 
(NORMAL      ) CheckpointHook                     
(LOW         ) EvalHook                           
(VERY_LOW    ) TextLoggerHook                     
 -------------------- 
before_val_epoch:
(LOW         ) IterTimerHook                      
(VERY_LOW    ) TextLoggerHook                     
 -------------------- 
before_val_iter:
(LOW         ) IterTimerHook                      
 -------------------- 
after_val_iter:
(LOW         ) IterTimerHook                      
 -------------------- 
after_val_epoch:
(VERY_LOW    ) TextLoggerHook                     
 -------------------- 
after_run:
(VERY_LOW    ) TextLoggerHook                     
 -------------------- 
2023-02-18 19:41:54,898 - mmdet - INFO - workflow: [('train', 1)], max: 300 epochs
2023-02-18 19:41:54,902 - mmdet - INFO - Checkpoints will be saved to /home/zach/Desktop/capstone/ISAC/deep-learning-training/work_dirs/yolox_tiny_person by HardDiskBackend.
